[2025-10-24 09:11:38] [IP:::1] [DEBUG_INDEX] Acceso al índice de debug
[2025-10-24 09:12:39] [IP:::1] Acceso al panel de debug - IP: ::1
[2025-10-24 09:28:30] [IP:::1] [DEBUG_INDEX] Acceso al índice de debug
[2025-10-24 09:28:35] [IP:::1] [DEBUG_INDEX] Acceso al índice de debug
[2025-10-24 11:23:16] [IP:::1] [DEBUG_INDEX] Acceso al índice de debug
[2025-10-24 11:23:46] [IP:::1] [DEBUG_INDEX] Acceso al índice de debug
[2025-10-24 11:27:08] [IP:::1] [DEBUG_INDEX] Acceso al índice de debug
[2025-10-24 11:27:12] [IP:::1] [DEBUG_INDEX] Acceso al índice de debug
[2025-10-24 11:27:58] [IP:::1] [DEBUG_INDEX] Acceso al índice de debug
[2025-10-24 11:28:10] [IP:::1] [DEBUG_INDEX] Acceso al índice de debug
[2025-10-24 11:28:29] [IP:::1] [DEBUG_INDEX] Acceso al índice de debug
[2025-10-24 11:28:45] [IP:::1] [DEBUG_INDEX] Acceso al índice de debug
[2025-10-24 11:32:59] [IP:::1] [DEBUG_INDEX] Acceso al índice de debug
[2025-10-24 11:45:20] [IP:::1] [DEBUG_INDEX] Acceso al índice de debug
[2025-10-24 12:01:40] [IP:::1] [DEBUG_INDEX] Acceso al índice de debug
[2025-10-24 12:51:54] [IP:::1] [DEBUG_INDEX] Acceso al índice de debug
[2025-10-24 12:52:07] [IP:::1] Acceso al panel de debug - IP: ::1
[2025-10-24 15:43:29] [IP:::1] [DEBUG_INDEX] Acceso al índice de debug
[2025-10-24 15:43:34] [IP:::1] Acceso al panel de debug - IP: ::1
[2025-10-24 15:43:40] [IP:::1] [LOG_VIEWER] Acceso al visor de logs
[2025-10-24 15:43:44] [IP:::1] [LOG_VIEWER] Acceso al visor de logs
[2025-10-24 15:43:46] [IP:::1] [LOG_VIEWER] Acceso al visor de logs
[2025-10-24 15:43:50] [IP:::1] [LOG_VIEWER] Acceso al visor de logs
[2025-10-24 15:44:02] [IP:::1] [LOG_VIEWER] Acceso al visor de logs
[2025-10-24 15:44:04] [IP:::1] [LOG_VIEWER] Acceso al visor de logs
[2025-10-24 15:44:06] [IP:::1] [LOG_VIEWER] Acceso al visor de logs
[2025-10-24 15:44:32] [IP:::1] [LOG_VIEWER] Acceso al visor de logs
[2025-10-24 15:44:33] [IP:::1] [LOG_VIEWER] Acceso al visor de logs
[2025-10-24 15:44:33] [IP:::1] [LOG_VIEWER] Acceso al visor de logs
[2025-10-24 15:44:44] [IP:::1] [DB_ANALYZER] Acceso al analizador de base de datos
[2025-10-24 15:45:00] [IP:::1] [DB_ANALYZER] Acceso al analizador de base de datos
[2025-10-24 15:45:19] [IP:::1] [DB_ANALYZER] Acceso al analizador de base de datos
[2025-10-24 15:45:23] [IP:::1] [DB_ANALYZER] Acceso al analizador de base de datos
[2025-10-24 15:45:28] [IP:::1] [DB_ANALYZER] Acceso al analizador de base de datos
[2025-10-24 15:45:33] [IP:::1] [DB_ANALYZER] Acceso al analizador de base de datos
[2025-10-24 15:45:34] [IP:::1] [DB_ANALYZER] Acceso al analizador de base de datos
[2025-10-24 15:45:36] [IP:::1] [DB_ANALYZER] Acceso al analizador de base de datos
[2025-10-24 15:45:43] [IP:::1] [DB_ANALYZER] Acceso al analizador de base de datos
[2025-10-24 15:45:45] [IP:::1] [DB_ANALYZER] Acceso al analizador de base de datos
[2025-10-24 15:46:04] [IP:::1] [DB_ANALYZER] Acceso al analizador de base de datos
[2025-10-24 15:46:15] [IP:::1] [DB_ANALYZER] Acceso al analizador de base de datos
[2025-10-24 19:45:41] [IP:::1] [DEBUG_INDEX] Acceso al índice de debug
[2025-10-24 19:45:47] [IP:::1] Acceso al panel de debug - IP: ::1
[2025-10-24 19:53:38] [IP:::1] [DEBUG_INDEX] Acceso al índice de debug
[2025-10-24 19:53:47] [IP:::1] Acceso al panel de debug - IP: ::1
[2025-10-24 19:54:17] [IP:::1] Test de acceso a logs ejecutado
[2025-10-24 20:43:22] [IP:::1] [DEBUG_INDEX] Acceso al índice de debug
[2025-10-24 20:45:21] [IP:::1] [DEBUG_INDEX] Acceso al índice de debug
[2025-10-24 20:45:24] [IP:::1] Acceso al panel de debug - IP: ::1
[2025-10-24 21:33:28] [IP:::1] Acceso al panel de debug - IP: ::1
[2025-10-24 21:34:11] [IP:::1] Usuario creado desde debug: prueba (ID: 18)
